This is pdfTeXk, Version 3.141592-1.40.3 (Web2C 7.5.6) (format=pdflatex_ml 2008.8.22)  9 JUL 2016 14:17
 %&-line parsing enabled.
**&pdflatex_ml C:/Users/Norman/AppData/Local/Temp/swp0003.tex
(c:/Users/Norman/AppData/Local/Temp/swp0003.tex
LaTeX2e <2003/12/01>
Babel <v3.8a> and hyphenation patterns for american, english, french, german, n
german, loaded.
(c:/swp55/TCITeX/tex/latex/contrib/unswthesis/unswthesis.cls
Document Class: unswthesis 1995/10/23 v1.6a University of NSW Thesis Class
(c:/swp55/TCITeX/tex/latex/contrib/fancyhdr/fancyheadings.sty
Package: fancyheadings 2008/02/04 1.99 Dummy package to call fancyhdr


Package fancyheadings Warning: Please stop using fancyheadings!
(fancyheadings)                Use fancyhdr instead.
(fancyheadings)                We will call fancyhdr with the very same
(fancyheadings)                options you passed to fancyheadings.
(fancyheadings)                
(fancyheadings)                fancyhdr is 99 percent compatible with
(fancyheadings)                fancyheadings. The only incompatibility is
(fancyheadings)                that \headrulewidth and \footrulewidth and
(fancyheadings)                their \plain... versions are no longer length
(fancyheadings)                parameters, but normal macros (to be changed
(fancyheadings)                with \renewcommand rather than \setlength)..

(c:/swp55/TCITeX/tex/latex/contrib/fancyhdr/fancyhdr.sty
\fancy@headwidth=\skip41
\f@ncyO@elh=\skip42
\f@ncyO@erh=\skip43
\f@ncyO@olh=\skip44
\f@ncyO@orh=\skip45
\f@ncyO@elf=\skip46
\f@ncyO@erf=\skip47
\f@ncyO@olf=\skip48
\f@ncyO@orf=\skip49
))
(c:/swp55/TCITeX/tex/latex/base/book.cls
Document Class: book 2004/02/16 v1.4f Standard LaTeX document class
(c:/swp55/TCITeX/tex/latex/base/bk11.clo
File: bk11.clo 2004/02/16 v1.4f Standard LaTeX file (size option)
)
\c@part=\count79
\c@chapter=\count80
\c@section=\count81
\c@subsection=\count82
\c@subsubsection=\count83
\c@paragraph=\count84
\c@subparagraph=\count85
\c@figure=\count86
\c@table=\count87
\abovecaptionskip=\skip50
\belowcaptionskip=\skip51
\bibindent=\dimen102
))
(c:/swp55/TCITeX/tex/latex/amsfonts/amssymb.sty
Package: amssymb 2002/01/22 v2.2d

(c:/swp55/TCITeX/tex/latex/amsfonts/amsfonts.sty
Package: amsfonts 2001/10/25 v2.2f
\@emptytoks=\toks14
\symAMSa=\mathgroup4
\symAMSb=\mathgroup5
LaTeX Font Info:    Overwriting math alphabet `\mathfrak' in version `bold'
(Font)                  U/euf/m/n --> U/euf/b/n on input line 132.
))
(c:/swp55/TCITeX/tex/latex/amsmath/amsmath.sty
Package: amsmath 2000/07/18 v2.13 AMS math features
\@mathmargin=\skip52

For additional information on amsmath, use the `?' option.
(c:/swp55/TCITeX/tex/latex/amsmath/amstext.sty
Package: amstext 2000/06/29 v2.01

(c:/swp55/TCITeX/tex/latex/amsmath/amsgen.sty
File: amsgen.sty 1999/11/30 v2.0
\@emptytoks=\toks15
\ex@=\dimen103
))
(c:/swp55/TCITeX/tex/latex/amsmath/amsbsy.sty
Package: amsbsy 1999/11/29 v1.2d
\pmbraise@=\dimen104
)
(c:/swp55/TCITeX/tex/latex/amsmath/amsopn.sty
Package: amsopn 1999/12/14 v2.01 operator names
)
\inf@bad=\count88
LaTeX Info: Redefining \frac on input line 211.
\uproot@=\count89
\leftroot@=\count90
LaTeX Info: Redefining \overline on input line 307.
\classnum@=\count91
\DOTSCASE@=\count92
LaTeX Info: Redefining \ldots on input line 379.
LaTeX Info: Redefining \dots on input line 382.
LaTeX Info: Redefining \cdots on input line 467.
\Mathstrutbox@=\box26
\strutbox@=\box27
\big@size=\dimen105
LaTeX Font Info:    Redeclaring font encoding OML on input line 567.
LaTeX Font Info:    Redeclaring font encoding OMS on input line 568.
\macc@depth=\count93
\c@MaxMatrixCols=\count94
\dotsspace@=\muskip10
\c@parentequation=\count95
\dspbrk@lvl=\count96
\tag@help=\toks16
\row@=\count97
\column@=\count98
\maxfields@=\count99
\andhelp@=\toks17
\eqnshift@=\dimen106
\alignsep@=\dimen107
\tagshift@=\dimen108
\tagwidth@=\dimen109
\totwidth@=\dimen110
\lineht@=\dimen111
\@envbody=\toks18
\multlinegap=\skip53
\multlinetaggap=\skip54
\mathdisplay@stack=\toks19
LaTeX Info: Redefining \[ on input line 2666.
LaTeX Info: Redefining \] on input line 2667.
)
\c@theorem=\count100

(c:/swp55/TCITeX/tex/latex/SWmacros/tcilatex.tex
TCILATEX Macros for Scientific Word and Scientific WorkPlace 5.5 <06 Oct 2005>.

NOTICE: This macro file is NOT proprietary and may be freely copied and distrib
uted.
\msipdfoutput=\count101
\@hour=\count102
\@minute=\count103
\GRAPHICSTYPE=\count104
\@msidraft=\count105
\dispkind=\count106
\theight=\dimen112
LaTeX Info: Redefining \rm on input line 653.
LaTeX Info: Redefining \sf on input line 654.
LaTeX Info: Redefining \tt on input line 655.
LaTeX Info: Redefining \bf on input line 656.
LaTeX Info: Redefining \it on input line 657.
LaTeX Info: Redefining \sl on input line 658.
LaTeX Info: Redefining \sc on input line 659.
\c@equationnumber=\count107
\temptoksa=\toks20
\temptoksb=\toks21
\temptoksc=\toks22
) (./swp0003.aux)
\openout1 = `swp0003.aux'.

LaTeX Font Info:    Checking defaults for OML/cmm/m/it on input line 44.
LaTeX Font Info:    ... okay on input line 44.
LaTeX Font Info:    Checking defaults for T1/cmr/m/n on input line 44.
LaTeX Font Info:    ... okay on input line 44.
LaTeX Font Info:    Checking defaults for OT1/cmr/m/n on input line 44.
LaTeX Font Info:    ... okay on input line 44.
LaTeX Font Info:    Checking defaults for OMS/cmsy/m/n on input line 44.
LaTeX Font Info:    ... okay on input line 44.
LaTeX Font Info:    Checking defaults for OMX/cmex/m/n on input line 44.
LaTeX Font Info:    ... okay on input line 44.
LaTeX Font Info:    Checking defaults for U/cmr/m/n on input line 44.
LaTeX Font Info:    ... okay on input line 44.


LaTeX Warning: \title is not used with this class on input line 54.


LaTeX Warning: \author is not used with this class on input line 56.

[1


{c:/swp55/TCITeX/fonts/map/pdftex/pdftex.map}] (./swp0003.toc
LaTeX Font Info:    Try loading font information for U+msa on input line 2.

(c:/swp55/TCITeX/tex/latex/amsfonts/umsa.fd
File: umsa.fd 2002/01/19 v2.2g AMS font definitions
)
LaTeX Font Info:    Try loading font information for U+msb on input line 2.

(c:/swp55/TCITeX/tex/latex/amsfonts/umsb.fd
File: umsb.fd 2002/01/19 v2.2g AMS font definitions
))
\tf@toc=\write3
\openout3 = `swp0003.toc'.

 [1

] (./swp0003.lof)
\tf@lof=\write4
\openout4 = `swp0003.lof'.

 [2

]
(./swp0003.lot)
\tf@lot=\write5
\openout5 = `swp0003.lot'.

 [3

]
Chapter 1.

Overfull \hbox (5.46866pt too wide) in paragraph at lines 101--101
[] 
 []

[4

]
Overfull \hbox (14.60791pt too wide) in alignment at lines 133--138
 [][][] []
 []

[5]
Underfull \hbox (badness 10000) in paragraph at lines 199--204

 []


Overfull \hbox (102.07883pt too wide) in paragraph at lines 231--238
\OML/cmm/m/it/10.95 q\OT1/cmr/m/n/10.95 (\OML/cmm/m/it/10.95 a[]; a[]\OT1/cmr/m
/n/10.95 )$ \T1/cmr/m/n/10.95 is a square. This con-di-tion is equiv-a-lent to 
hav-ing num-bers $[][]\OML/cmm/m/it/10.95 ; [][]; [][]; [][]; [][]; [][] \OMS/c
msy/m/n/10.95 2
 []

[6]
Overfull \hbox (88.35686pt too wide) detected at line 337
\OML/cmm/m/it/10.95 m \OMS/cmsy/m/n/10.95 ^^Q [] \OT1/cmr/m/n/10.95 = [] \OML/c
mm/m/it/10.95 ;
 []


Overfull \hbox (10.4417pt too wide) in paragraph at lines 342--344
[]\T1/cmr/m/it/10.95 The side mid-points of the quad-ran-gle $[]$
 []

[7] [8]
Overfull \hbox (0.86658pt too wide) in paragraph at lines 477--484
[]\T1/cmr/m/it/10.95 Midpoints $\OML/cmm/m/it/10.95 m[]$ \T1/cmr/m/it/10.95 for
 $\OML/cmm/m/it/10.95 i \OMS/cmsy/m/n/10.95 6\OT1/cmr/m/n/10.95 = \OML/cmm/m/it
/10.95 j \OMS/cmsy/m/n/10.95 2 []$
 []

[9]
Overfull \hbox (88.40108pt too wide) in alignment at lines 606--617
 [][][] []
 []


Overfull \hbox (2.09816pt too wide) in paragraph at lines 625--627
[]\T1/cmr/m/it/10.95 The Cir-cum-lines for
 []

[10] [11] [12] [13]
Overfull \hbox (9.97266pt too wide) in paragraph at lines 1082--1084
[]\T1/cmr/m/it/10.95 The Me-di-ans of the Quad-
 []

[14]
Overfull \hbox (23.67552pt too wide) detected at line 1225
\OML/cmm/m/it/10.95 g[] \OMS/cmsy/m/n/10.95 ^^Q [] \OML/cmm/m/it/10.95 ;
 []


Overfull \hbox (23.67552pt too wide) detected at line 1244
\OML/cmm/m/it/10.95 g[] \OMS/cmsy/m/n/10.95 ^^Q [] \OML/cmm/m/it/10.95 ;
 []


Overfull \hbox (23.67552pt too wide) detected at line 1263
\OML/cmm/m/it/10.95 g[] \OMS/cmsy/m/n/10.95 ^^Q [] \OML/cmm/m/it/10.95 ;
 []


Overfull \hbox (23.67552pt too wide) detected at line 1282
\OML/cmm/m/it/10.95 g[] \OMS/cmsy/m/n/10.95 ^^Q [] \OML/cmm/m/it/10.95 :
 []

[15]
Overfull \hbox (1.88832pt too wide) in paragraph at lines 1330--1332
[]\T1/cmr/m/it/10.95 The Sub-tri-an-gle Cen-
 []


Overfull \hbox (23.67552pt too wide) detected at line 1348
\OML/cmm/m/it/10.95 g[] \OMS/cmsy/m/n/10.95 ^^Q [] \OML/cmm/m/it/10.95 ;
 []


Overfull \hbox (23.67552pt too wide) detected at line 1366
\OML/cmm/m/it/10.95 g[] \OMS/cmsy/m/n/10.95 ^^Q [] \OML/cmm/m/it/10.95 ;
 []


Overfull \hbox (23.67552pt too wide) detected at line 1384
\OML/cmm/m/it/10.95 g[] \OMS/cmsy/m/n/10.95 ^^Q [] \OML/cmm/m/it/10.95 ;
 []


Overfull \hbox (23.67552pt too wide) detected at line 1402
\OML/cmm/m/it/10.95 g[] \OMS/cmsy/m/n/10.95 ^^Q [] \OML/cmm/m/it/10.95 ;
 []


Overfull \hbox (23.67552pt too wide) detected at line 1421
\OML/cmm/m/it/10.95 g[] \OMS/cmsy/m/n/10.95 ^^Q [] \OML/cmm/m/it/10.95 ;
 []

[16]
Overfull \hbox (23.67552pt too wide) detected at line 1439
\OML/cmm/m/it/10.95 g[] \OMS/cmsy/m/n/10.95 ^^Q [] \OML/cmm/m/it/10.95 ;
 []


Overfull \hbox (23.67552pt too wide) detected at line 1457
\OML/cmm/m/it/10.95 g[] \OMS/cmsy/m/n/10.95 ^^Q [] \OML/cmm/m/it/10.95 ;
 []


Overfull \hbox (23.67552pt too wide) detected at line 1475
\OML/cmm/m/it/10.95 g[] \OMS/cmsy/m/n/10.95 ^^Q [] \OML/cmm/m/it/10.95 ;
 []


Overfull \hbox (23.67552pt too wide) detected at line 1494
\OML/cmm/m/it/10.95 g[] \OMS/cmsy/m/n/10.95 ^^Q [] \OML/cmm/m/it/10.95 ;
 []


Overfull \hbox (23.67552pt too wide) detected at line 1512
\OML/cmm/m/it/10.95 g[] \OMS/cmsy/m/n/10.95 ^^Q [] \OML/cmm/m/it/10.95 ;
 []


Overfull \hbox (23.67552pt too wide) detected at line 1530
\OML/cmm/m/it/10.95 g[] \OMS/cmsy/m/n/10.95 ^^Q [] \OML/cmm/m/it/10.95 ;
 []


Overfull \hbox (23.67552pt too wide) detected at line 1548
\OML/cmm/m/it/10.95 g[] \OMS/cmsy/m/n/10.95 ^^Q [] \OML/cmm/m/it/10.95 ;
 []


Overfull \hbox (23.67552pt too wide) detected at line 1567
\OML/cmm/m/it/10.95 g[] \OMS/cmsy/m/n/10.95 ^^Q [] \OML/cmm/m/it/10.95 ;
 []


Overfull \hbox (23.67552pt too wide) detected at line 1585
\OML/cmm/m/it/10.95 g[] \OMS/cmsy/m/n/10.95 ^^Q [] \OML/cmm/m/it/10.95 ;
 []


Overfull \hbox (23.67552pt too wide) detected at line 1603
\OML/cmm/m/it/10.95 g[] \OMS/cmsy/m/n/10.95 ^^Q [] \OML/cmm/m/it/10.95 ;
 []


Overfull \hbox (23.67552pt too wide) detected at line 1621
\OML/cmm/m/it/10.95 g[] \OMS/cmsy/m/n/10.95 ^^Q [] \OML/cmm/m/it/10.95 :
 []

[17]
Overfull \hbox (11.531pt too wide) in paragraph at lines 1661--1664
[]\T1/cmr/m/it/10.95 In to-tal there
 []

[18]
Overfull \hbox (76.62633pt too wide) in alignment at lines 1812--1819
 [][][] []
 []

[19] [20]
Chapter 2.

Underfull \hbox (badness 10000) in paragraph at lines 1830--1832

 []


Underfull \hbox (badness 10000) in paragraph at lines 1833--1838

 []

[21

]

Package Fancyhdr Warning: \headheight is too small (20.0pt): 
 Make it at least 29.68002pt.
 We now make it that large for the rest of the document.
 This may cause the page layout to be inconsistent, however.

[22]
Underfull \hbox (badness 10000) in paragraph at lines 1972--1976

 []


Underfull \hbox (badness 10000) in paragraph at lines 1983--1989

 []


Underfull \hbox (badness 10000) in paragraph at lines 1990--1993

 []


Underfull \hbox (badness 10000) in paragraph at lines 1998--2000

 []


Underfull \hbox (badness 10000) in paragraph at lines 2005--2008

 []


Underfull \hbox (badness 10000) in paragraph at lines 2013--2016

 []

[23]
Underfull \hbox (badness 10000) in paragraph at lines 2017--2021

 []


Underfull \hbox (badness 10000) in paragraph at lines 2033--2035

 []


Underfull \hbox (badness 10000) in paragraph at lines 2054--2057

 []


Underfull \hbox (badness 10000) in paragraph at lines 2084--2087

 []

[24] [25]
Underfull \hbox (badness 10000) in paragraph at lines 2106--2107

 []


Underfull \hbox (badness 10000) in paragraph at lines 2114--2118

 []


Underfull \hbox (badness 10000) in paragraph at lines 2119--2129

 []


Underfull \hbox (badness 10000) in paragraph at lines 2138--2141

 []


Underfull \hbox (badness 10000) in paragraph at lines 2150--2153

 []

[26]
Underfull \hbox (badness 10000) in paragraph at lines 2156--2159

 []


Underfull \hbox (badness 10000) in paragraph at lines 2160--2165

 []


Underfull \hbox (badness 10000) in paragraph at lines 2166--2171

 []


Underfull \hbox (badness 10000) in paragraph at lines 2172--2177

 []


Overfull \hbox (47.95776pt too wide) in paragraph at lines 2178--2194
\T1/cmr/m/n/10.95 Similarly there are 6 dis-tinct ver-tices of a quadri-lat-era
l, namely $[]\OML/cmm/m/it/10.95 ; [];$ $[]; []; []$\T1/cmr/m/n/10.95 and
 []


Underfull \hbox (badness 10000) in paragraph at lines 2178--2194

 []

LaTeX Font Info:    Try loading font information for OMS+cmr on input line 2205
.
(c:/swp55/TCITeX/tex/latex/base/omscmr.fd
File: omscmr.fd 1999/05/25 v2.5h Standard LaTeX font definitions
)
LaTeX Font Info:    Font shape `OMS/cmr/m/n' in size <10.95> not available
(Font)              Font shape `OMS/cmsy/m/n' tried instead on input line 2205.

 [27]
Underfull \hbox (badness 10000) in paragraph at lines 2229--2233

 []


Underfull \hbox (badness 10000) in paragraph at lines 2250--2255

 []


Underfull \hbox (badness 10000) in paragraph at lines 2256--2268

 []

[28] [29] (./swp0003.aux) ) 
Here is how much of TeX's memory you used:
 1691 strings out of 95101
 18051 string characters out of 1183309
 81042 words of memory out of 1500000
 4759 multiletter control sequences out of 10000+50000
 30117 words of font info for 73 fonts, out of 1200000 for 2000
 22 hyphenation exceptions out of 8191
 35i,16n,47p,314b,411s stack positions out of 5000i,500n,6000p,200000b,5000s
{c:/swp55/TCITeX/fonts/type1/msbm10.enc}<c:/swp55/TC
ITeX/fonts/truetype/msbm10.ttf>{c:/swp55/TCITeX/fonts/type1/cmmi6.enc}<c:/swp55
/TCITeX/fonts/truetype/cmmi6.ttf>{c:/swp55/TCITeX/fonts/type1/cmr6.enc}<c:/swp5
5/TCITeX/fonts/truetype/cmr6.ttf>{c:/swp55/TCITeX/fonts/type1/dcbxti10.enc}<c:/
swp55/TCITeX/fonts/truetype/dcbxti10.ttf>{c:/swp55/TCITeX/fonts/type1/msam10.en
c}<c:/swp55/TCITeX/fonts/truetype/msam10.ttf>{c:/swp55/TCITeX/fonts/type1/dcti1
0.enc}<c:/swp55/TCITeX/fonts/truetype/dcti10.ttf>{c:/swp55/TCITeX/fonts/type1/c
msy8.enc}<c:/swp55/TCITeX/fonts/truetype/cmsy8.ttf>{c:/swp55/TCITeX/fonts/type1
/cmmi8.enc}<c:/swp55/TCITeX/fonts/truetype/cmmi8.ttf>{c:/swp55/TCITeX/fonts/typ
e1/cmex10.enc}<c:/swp55/TCITeX/fonts/truetype/cmex10.ttf>{c:/swp55/TCITeX/fonts
/type1/cmbx10.enc}<c:/swp55/TCITeX/fonts/truetype/cmbx10.ttf>{c:/swp55/TCITeX/f
onts/type1/cmr10.enc}<c:/swp55/TCITeX/fonts/truetype/cmr10.ttf>{c:/swp55/TCITeX
/fonts/type1/cmsy10.enc}<c:/swp55/TCITeX/fonts/truetype/cmsy10.ttf>{c:/swp55/TC
ITeX/fonts/type1/cmr8.enc}<c:/swp55/TCITeX/fonts/truetype/cmr8.ttf>{c:/swp55/TC
ITeX/fonts/type1/cmmi10.enc}<c:/swp55/TCITeX/fonts/truetype/cmmi10.ttf>{c:/swp5
5/TCITeX/fonts/type1/dcsl10.enc}<c:/swp55/TCITeX/fonts/truetype/dcsl10.ttf>{c:/
swp55/TCITeX/fonts/type1/dcr10.enc}<c:/swp55/TCITeX/fonts/truetype/dcr10.ttf>{c
:/swp55/TCITeX/fonts/type1/dcbx10.enc}<c:/swp55/TCITeX/fonts/truetype/dcbx10.tt
f>{c:/swp55/TCITeX/fonts/type1/cmbxsl10.enc}<c:/swp55/TCITeX/fonts/truetype/cmb
xsl10.ttf>{c:/swp55/TCITeX/fonts/type1/dccsc10.enc}<c:/swp55/TCITeX/fonts/truet
ype/dccsc10.ttf>
Output written on swp0003.pdf (30 pages, 197695 bytes).
PDF statistics:
 174 PDF objects out of 1000 (max. 8388607)
 0 named destinations out of 1000 (max. 131072)
 1 words of extra memory for PDF output out of 10000 (max. 10000000)

